{"__type":"$$EventMessageAudit","id":"1e910eb4-839b-46a1-8ca4-dd15baf9ab4e","ts":"2025-08-28T01:06:47.097+00:00","eventName":"n8n.audit.workflow.created","message":"n8n.audit.workflow.created","payload":{"userId":"96766a8a-d90f-4b6b-9273-dab5b68ff799","_email":"mariajoseatencio.mmi@gmail.com","_firstName":"Maria","_lastName":"Atencio","globalRole":"global:owner","workflowId":"OsxhZnuvzlDQVUib","workflowName":"My workflow"}}
{"__type":"$$EventMessageConfirm","confirm":"1e910eb4-839b-46a1-8ca4-dd15baf9ab4e","ts":"2025-08-28T01:06:47.098+00:00","source":{"id":"0","name":"eventBus"}}
{"__type":"$$EventMessageAudit","id":"82d4fe0d-0a9d-46a5-9edb-e882595de31c","ts":"2025-08-28T01:07:07.825+00:00","eventName":"n8n.audit.workflow.updated","message":"n8n.audit.workflow.updated","payload":{"userId":"96766a8a-d90f-4b6b-9273-dab5b68ff799","_email":"mariajoseatencio.mmi@gmail.com","_firstName":"Maria","_lastName":"Atencio","globalRole":"global:owner","workflowId":"OsxhZnuvzlDQVUib","workflowName":"main-calculator"}}
{"__type":"$$EventMessageConfirm","confirm":"82d4fe0d-0a9d-46a5-9edb-e882595de31c","ts":"2025-08-28T01:07:07.825+00:00","source":{"id":"0","name":"eventBus"}}
{"__type":"$$EventMessageAudit","id":"e0126d75-9de2-4463-a2d2-ba28738806a9","ts":"2025-08-28T01:07:08.916+00:00","eventName":"n8n.audit.workflow.updated","message":"n8n.audit.workflow.updated","payload":{"userId":"96766a8a-d90f-4b6b-9273-dab5b68ff799","_email":"mariajoseatencio.mmi@gmail.com","_firstName":"Maria","_lastName":"Atencio","globalRole":"global:owner","workflowId":"OsxhZnuvzlDQVUib","workflowName":"main-calculator"}}
{"__type":"$$EventMessageConfirm","confirm":"e0126d75-9de2-4463-a2d2-ba28738806a9","ts":"2025-08-28T01:07:08.916+00:00","source":{"id":"0","name":"eventBus"}}
{"__type":"$$EventMessageAudit","id":"0027b4ab-462a-4985-b212-61107e1b8bdd","ts":"2025-08-28T02:07:18.660+01:00","eventName":"n8n.audit.workflow.created","message":"n8n.audit.workflow.created","payload":{"userId":"96766a8a-d90f-4b6b-9273-dab5b68ff799","_email":"mariajoseatencio.mmi@gmail.com","_firstName":"Maria","_lastName":"Atencio","globalRole":"global:owner","workflowId":"IvSeGwRAr4kUXzRC","workflowName":"My workflow"}}
{"__type":"$$EventMessageConfirm","confirm":"0027b4ab-462a-4985-b212-61107e1b8bdd","ts":"2025-08-28T02:07:18.660+01:00","source":{"id":"0","name":"eventBus"}}
{"__type":"$$EventMessageAudit","id":"73281777-164f-4139-ad7b-a89ebe911c53","ts":"2025-08-28T02:07:18.933+01:00","eventName":"n8n.audit.workflow.updated","message":"n8n.audit.workflow.updated","payload":{"userId":"96766a8a-d90f-4b6b-9273-dab5b68ff799","_email":"mariajoseatencio.mmi@gmail.com","_firstName":"Maria","_lastName":"Atencio","globalRole":"global:owner","workflowId":"IvSeGwRAr4kUXzRC","workflowName":"My workflow"}}
{"__type":"$$EventMessageConfirm","confirm":"73281777-164f-4139-ad7b-a89ebe911c53","ts":"2025-08-28T02:07:18.933+01:00","source":{"id":"0","name":"eventBus"}}
{"__type":"$$EventMessageAudit","id":"a2f28e7b-f48f-4dc6-9d9d-8ea4c06de8b8","ts":"2025-08-28T02:07:42.313+01:00","eventName":"n8n.audit.workflow.updated","message":"n8n.audit.workflow.updated","payload":{"userId":"96766a8a-d90f-4b6b-9273-dab5b68ff799","_email":"mariajoseatencio.mmi@gmail.com","_firstName":"Maria","_lastName":"Atencio","globalRole":"global:owner","workflowId":"IvSeGwRAr4kUXzRC","workflowName":"email-notification"}}
{"__type":"$$EventMessageConfirm","confirm":"a2f28e7b-f48f-4dc6-9d9d-8ea4c06de8b8","ts":"2025-08-28T02:07:42.313+01:00","source":{"id":"0","name":"eventBus"}}
{"__type":"$$EventMessageAudit","id":"64814df5-dd6f-4e2f-9850-7a191b83fc02","ts":"2025-08-28T02:12:02.648+01:00","eventName":"n8n.audit.user.credentials.created","message":"n8n.audit.user.credentials.created","payload":{"userId":"96766a8a-d90f-4b6b-9273-dab5b68ff799","_email":"mariajoseatencio.mmi@gmail.com","_firstName":"Maria","_lastName":"Atencio","globalRole":"global:owner","credentialType":"smtp","credentialId":"WMru22kqTATLFIMf","publicApi":false,"projectId":"35yvX7kVQ1ueO72t","projectType":"personal"}}
{"__type":"$$EventMessageConfirm","confirm":"64814df5-dd6f-4e2f-9850-7a191b83fc02","ts":"2025-08-28T02:12:02.648+01:00","source":{"id":"0","name":"eventBus"}}
{"__type":"$$EventMessageAudit","id":"8cd0e5ce-f14e-4a2c-9b14-2e71bd971f08","ts":"2025-08-28T02:15:39.190+01:00","eventName":"n8n.audit.user.credentials.updated","message":"n8n.audit.user.credentials.updated","payload":{"userId":"96766a8a-d90f-4b6b-9273-dab5b68ff799","_email":"mariajoseatencio.mmi@gmail.com","_firstName":"Maria","_lastName":"Atencio","globalRole":"global:owner","credentialType":"smtp","credentialId":"WMru22kqTATLFIMf"}}
{"__type":"$$EventMessageConfirm","confirm":"8cd0e5ce-f14e-4a2c-9b14-2e71bd971f08","ts":"2025-08-28T02:15:39.191+01:00","source":{"id":"0","name":"eventBus"}}
{"__type":"$$EventMessageAudit","id":"1d0777b6-a82b-45f7-b467-28faaaf2359c","ts":"2025-08-28T02:18:59.413+01:00","eventName":"n8n.audit.user.credentials.updated","message":"n8n.audit.user.credentials.updated","payload":{"userId":"96766a8a-d90f-4b6b-9273-dab5b68ff799","_email":"mariajoseatencio.mmi@gmail.com","_firstName":"Maria","_lastName":"Atencio","globalRole":"global:owner","credentialType":"smtp","credentialId":"WMru22kqTATLFIMf"}}
{"__type":"$$EventMessageConfirm","confirm":"1d0777b6-a82b-45f7-b467-28faaaf2359c","ts":"2025-08-28T02:18:59.413+01:00","source":{"id":"0","name":"eventBus"}}
{"__type":"$$EventMessageAudit","id":"bb51df58-5c59-4a19-920a-eff444806ad0","ts":"2025-08-28T02:23:40.418+01:00","eventName":"n8n.audit.user.credentials.updated","message":"n8n.audit.user.credentials.updated","payload":{"userId":"96766a8a-d90f-4b6b-9273-dab5b68ff799","_email":"mariajoseatencio.mmi@gmail.com","_firstName":"Maria","_lastName":"Atencio","globalRole":"global:owner","credentialType":"smtp","credentialId":"WMru22kqTATLFIMf"}}
{"__type":"$$EventMessageConfirm","confirm":"bb51df58-5c59-4a19-920a-eff444806ad0","ts":"2025-08-28T02:23:40.418+01:00","source":{"id":"0","name":"eventBus"}}
{"__type":"$$EventMessageAudit","id":"86426b7e-44da-4fb4-a9cd-0d51c7b1b00c","ts":"2025-08-28T02:24:11.591+01:00","eventName":"n8n.audit.workflow.updated","message":"n8n.audit.workflow.updated","payload":{"userId":"96766a8a-d90f-4b6b-9273-dab5b68ff799","_email":"mariajoseatencio.mmi@gmail.com","_firstName":"Maria","_lastName":"Atencio","globalRole":"global:owner","workflowId":"IvSeGwRAr4kUXzRC","workflowName":"email-notification"}}
{"__type":"$$EventMessageConfirm","confirm":"86426b7e-44da-4fb4-a9cd-0d51c7b1b00c","ts":"2025-08-28T02:24:11.592+01:00","source":{"id":"0","name":"eventBus"}}
{"__type":"$$EventMessageAudit","id":"fe51985a-9b71-445f-a696-991d6ff40973","ts":"2025-08-28T02:24:15.357+01:00","eventName":"n8n.audit.workflow.updated","message":"n8n.audit.workflow.updated","payload":{"userId":"96766a8a-d90f-4b6b-9273-dab5b68ff799","_email":"mariajoseatencio.mmi@gmail.com","_firstName":"Maria","_lastName":"Atencio","globalRole":"global:owner","workflowId":"IvSeGwRAr4kUXzRC","workflowName":"email-notification"}}
{"__type":"$$EventMessageConfirm","confirm":"fe51985a-9b71-445f-a696-991d6ff40973","ts":"2025-08-28T02:24:15.357+01:00","source":{"id":"0","name":"eventBus"}}
{"__type":"$$EventMessageAudit","id":"e506fa0d-25e5-40b4-811c-0fb1d90e5d4b","ts":"2025-08-28T02:29:14.052+01:00","eventName":"n8n.audit.workflow.created","message":"n8n.audit.workflow.created","payload":{"userId":"96766a8a-d90f-4b6b-9273-dab5b68ff799","_email":"mariajoseatencio.mmi@gmail.com","_firstName":"Maria","_lastName":"Atencio","globalRole":"global:owner","workflowId":"IHTaX5EUu2ld8E5R","workflowName":"My workflow"}}
{"__type":"$$EventMessageConfirm","confirm":"e506fa0d-25e5-40b4-811c-0fb1d90e5d4b","ts":"2025-08-28T02:29:14.052+01:00","source":{"id":"0","name":"eventBus"}}
{"__type":"$$EventMessageWorkflow","id":"2b44ff22-9331-4446-8134-9eb5d2b62140","ts":"2025-08-28T02:29:14.353+01:00","eventName":"n8n.workflow.started","message":"n8n.workflow.started","payload":{"executionId":"1","workflowId":"IHTaX5EUu2ld8E5R","isManual":false,"workflowName":"My workflow"}}
{"__type":"$$EventMessageConfirm","confirm":"2b44ff22-9331-4446-8134-9eb5d2b62140","ts":"2025-08-28T02:29:14.354+01:00","source":{"id":"0","name":"eventBus"}}
{"__type":"$$EventMessageNode","id":"efd437c8-2c91-4534-a462-04b239877f02","ts":"2025-08-28T02:29:14.364+01:00","eventName":"n8n.node.started","message":"n8n.node.started","payload":{"workflowId":"IHTaX5EUu2ld8E5R","workflowName":"My workflow","executionId":"1","nodeType":"n8n-nodes-base.start","nodeName":"Start","nodeId":"1b447fdd-4db5-4429-8338-b7b61be6be08"}}
{"__type":"$$EventMessageConfirm","confirm":"efd437c8-2c91-4534-a462-04b239877f02","ts":"2025-08-28T02:29:14.364+01:00","source":{"id":"0","name":"eventBus"}}
{"__type":"$$EventMessageNode","id":"61d6a525-541c-473d-9469-6ec2d8ad9e86","ts":"2025-08-28T02:29:14.373+01:00","eventName":"n8n.node.finished","message":"n8n.node.finished","payload":{"workflowId":"IHTaX5EUu2ld8E5R","workflowName":"My workflow","executionId":"1","nodeType":"n8n-nodes-base.start","nodeName":"Start","nodeId":"1b447fdd-4db5-4429-8338-b7b61be6be08"}}
{"__type":"$$EventMessageConfirm","confirm":"61d6a525-541c-473d-9469-6ec2d8ad9e86","ts":"2025-08-28T02:29:14.373+01:00","source":{"id":"0","name":"eventBus"}}
{"__type":"$$EventMessageNode","id":"441f5fa6-a49c-4b82-81fe-a57b3ed05abb","ts":"2025-08-28T02:29:14.377+01:00","eventName":"n8n.node.started","message":"n8n.node.started","payload":{"workflowId":"IHTaX5EUu2ld8E5R","workflowName":"My workflow","executionId":"1","nodeType":"n8n-nodes-base.emailSend","nodeName":"Send Test Email","nodeId":"25b47072-75d5-46f6-baa2-eabac9ec3a16"}}
{"__type":"$$EventMessageConfirm","confirm":"441f5fa6-a49c-4b82-81fe-a57b3ed05abb","ts":"2025-08-28T02:29:14.378+01:00","source":{"id":"0","name":"eventBus"}}
{"__type":"$$EventMessageNode","id":"a7ce215a-ebea-48ae-9cba-725332a32f4e","ts":"2025-08-28T02:29:45.070+01:00","eventName":"n8n.node.finished","message":"n8n.node.finished","payload":{"workflowId":"IHTaX5EUu2ld8E5R","workflowName":"My workflow","executionId":"1","nodeType":"n8n-nodes-base.emailSend","nodeName":"Send Test Email","nodeId":"25b47072-75d5-46f6-baa2-eabac9ec3a16"}}
{"__type":"$$EventMessageConfirm","confirm":"a7ce215a-ebea-48ae-9cba-725332a32f4e","ts":"2025-08-28T02:29:45.070+01:00","source":{"id":"0","name":"eventBus"}}
{"__type":"$$EventMessageWorkflow","id":"3bd0f824-152c-4341-93b8-2227bdbd1110","ts":"2025-08-28T02:29:45.076+01:00","eventName":"n8n.workflow.failed","message":"n8n.workflow.failed","payload":{"userId":"96766a8a-d90f-4b6b-9273-dab5b68ff799","executionId":"1","success":false,"isManual":true,"workflowId":"IHTaX5EUu2ld8E5R","workflowName":"My workflow","lastNodeExecuted":"Send Test Email","errorMessage":"connect ECONNREFUSED 172.253.115.109:465"}}
{"__type":"$$EventMessageConfirm","confirm":"3bd0f824-152c-4341-93b8-2227bdbd1110","ts":"2025-08-28T02:29:45.076+01:00","source":{"id":"0","name":"eventBus"}}
{"__type":"$$EventMessageWorkflow","id":"e10f168e-ab05-4e70-93d0-afaa73b7581b","ts":"2025-08-28T02:30:00.829+01:00","eventName":"n8n.workflow.started","message":"n8n.workflow.started","payload":{"executionId":"2","workflowId":"IHTaX5EUu2ld8E5R","isManual":false,"workflowName":"My workflow"}}
{"__type":"$$EventMessageConfirm","confirm":"e10f168e-ab05-4e70-93d0-afaa73b7581b","ts":"2025-08-28T02:30:00.829+01:00","source":{"id":"0","name":"eventBus"}}
{"__type":"$$EventMessageNode","id":"20282c5e-07eb-4928-a161-b7bbf5664787","ts":"2025-08-28T02:30:00.830+01:00","eventName":"n8n.node.started","message":"n8n.node.started","payload":{"workflowId":"IHTaX5EUu2ld8E5R","workflowName":"My workflow","executionId":"2","nodeType":"n8n-nodes-base.emailSend","nodeName":"Send Test Email","nodeId":"25b47072-75d5-46f6-baa2-eabac9ec3a16"}}
{"__type":"$$EventMessageConfirm","confirm":"20282c5e-07eb-4928-a161-b7bbf5664787","ts":"2025-08-28T02:30:00.830+01:00","source":{"id":"0","name":"eventBus"}}
{"__type":"$$EventMessageNode","id":"f2e20137-c51c-4537-8ea8-ada07154e0e9","ts":"2025-08-28T02:30:06.968+01:00","eventName":"n8n.node.finished","message":"n8n.node.finished","payload":{"workflowId":"IHTaX5EUu2ld8E5R","workflowName":"My workflow","executionId":"2","nodeType":"n8n-nodes-base.emailSend","nodeName":"Send Test Email","nodeId":"25b47072-75d5-46f6-baa2-eabac9ec3a16"}}
{"__type":"$$EventMessageConfirm","confirm":"f2e20137-c51c-4537-8ea8-ada07154e0e9","ts":"2025-08-28T02:30:06.968+01:00","source":{"id":"0","name":"eventBus"}}
{"__type":"$$EventMessageWorkflow","id":"3f30a438-1325-491e-8175-8935ee1779a1","ts":"2025-08-28T02:30:06.972+01:00","eventName":"n8n.workflow.success","message":"n8n.workflow.success","payload":{"userId":"96766a8a-d90f-4b6b-9273-dab5b68ff799","executionId":"2","success":true,"isManual":true,"workflowId":"IHTaX5EUu2ld8E5R","workflowName":"My workflow"}}
{"__type":"$$EventMessageConfirm","confirm":"3f30a438-1325-491e-8175-8935ee1779a1","ts":"2025-08-28T02:30:06.972+01:00","source":{"id":"0","name":"eventBus"}}
{"__type":"$$EventMessageWorkflow","id":"88f0686c-dcda-4528-8894-a4ff31ba924c","ts":"2025-08-28T02:31:18.529+01:00","eventName":"n8n.workflow.started","message":"n8n.workflow.started","payload":{"executionId":"3","workflowId":"IHTaX5EUu2ld8E5R","isManual":false,"workflowName":"My workflow"}}
{"__type":"$$EventMessageConfirm","confirm":"88f0686c-dcda-4528-8894-a4ff31ba924c","ts":"2025-08-28T02:31:18.529+01:00","source":{"id":"0","name":"eventBus"}}
{"__type":"$$EventMessageNode","id":"37eb3429-a090-428b-b517-bab06ea48b70","ts":"2025-08-28T02:31:18.529+01:00","eventName":"n8n.node.started","message":"n8n.node.started","payload":{"workflowId":"IHTaX5EUu2ld8E5R","workflowName":"My workflow","executionId":"3","nodeType":"n8n-nodes-base.emailSend","nodeName":"Send Test Email","nodeId":"25b47072-75d5-46f6-baa2-eabac9ec3a16"}}
{"__type":"$$EventMessageConfirm","confirm":"37eb3429-a090-428b-b517-bab06ea48b70","ts":"2025-08-28T02:31:18.529+01:00","source":{"id":"0","name":"eventBus"}}
{"__type":"$$EventMessageNode","id":"47a5f015-645d-418e-811f-3d73877991a1","ts":"2025-08-28T02:31:20.436+01:00","eventName":"n8n.node.finished","message":"n8n.node.finished","payload":{"workflowId":"IHTaX5EUu2ld8E5R","workflowName":"My workflow","executionId":"3","nodeType":"n8n-nodes-base.emailSend","nodeName":"Send Test Email","nodeId":"25b47072-75d5-46f6-baa2-eabac9ec3a16"}}
{"__type":"$$EventMessageConfirm","confirm":"47a5f015-645d-418e-811f-3d73877991a1","ts":"2025-08-28T02:31:20.437+01:00","source":{"id":"0","name":"eventBus"}}
{"__type":"$$EventMessageWorkflow","id":"a39e0e32-b1b2-4c5b-8bec-cfd941414054","ts":"2025-08-28T02:31:20.441+01:00","eventName":"n8n.workflow.success","message":"n8n.workflow.success","payload":{"userId":"96766a8a-d90f-4b6b-9273-dab5b68ff799","executionId":"3","success":true,"isManual":true,"workflowId":"IHTaX5EUu2ld8E5R","workflowName":"My workflow"}}
{"__type":"$$EventMessageConfirm","confirm":"a39e0e32-b1b2-4c5b-8bec-cfd941414054","ts":"2025-08-28T02:31:20.441+01:00","source":{"id":"0","name":"eventBus"}}
{"__type":"$$EventMessageWorkflow","id":"7d056cf8-2237-448c-8355-6b4eff67dba4","ts":"2025-08-28T02:33:00.836+01:00","eventName":"n8n.workflow.started","message":"n8n.workflow.started","payload":{"executionId":"4","workflowId":"IHTaX5EUu2ld8E5R","isManual":false,"workflowName":"My workflow"}}
{"__type":"$$EventMessageConfirm","confirm":"7d056cf8-2237-448c-8355-6b4eff67dba4","ts":"2025-08-28T02:33:00.836+01:00","source":{"id":"0","name":"eventBus"}}
{"__type":"$$EventMessageNode","id":"0812d251-aea0-4b6a-b131-17d2b591ebd3","ts":"2025-08-28T02:33:00.837+01:00","eventName":"n8n.node.started","message":"n8n.node.started","payload":{"workflowId":"IHTaX5EUu2ld8E5R","workflowName":"My workflow","executionId":"4","nodeType":"n8n-nodes-base.emailSend","nodeName":"Send Test Email","nodeId":"25b47072-75d5-46f6-baa2-eabac9ec3a16"}}
{"__type":"$$EventMessageConfirm","confirm":"0812d251-aea0-4b6a-b131-17d2b591ebd3","ts":"2025-08-28T02:33:00.837+01:00","source":{"id":"0","name":"eventBus"}}
{"__type":"$$EventMessageNode","id":"43ce9b30-2672-462d-9325-ab32c81f4c07","ts":"2025-08-28T02:33:17.346+01:00","eventName":"n8n.node.finished","message":"n8n.node.finished","payload":{"workflowId":"IHTaX5EUu2ld8E5R","workflowName":"My workflow","executionId":"4","nodeType":"n8n-nodes-base.emailSend","nodeName":"Send Test Email","nodeId":"25b47072-75d5-46f6-baa2-eabac9ec3a16"}}
{"__type":"$$EventMessageConfirm","confirm":"43ce9b30-2672-462d-9325-ab32c81f4c07","ts":"2025-08-28T02:33:17.347+01:00","source":{"id":"0","name":"eventBus"}}
{"__type":"$$EventMessageWorkflow","id":"214859a5-894f-4e5b-bba9-dcf1aa19bca6","ts":"2025-08-28T02:33:17.349+01:00","eventName":"n8n.workflow.success","message":"n8n.workflow.success","payload":{"userId":"96766a8a-d90f-4b6b-9273-dab5b68ff799","executionId":"4","success":true,"isManual":true,"workflowId":"IHTaX5EUu2ld8E5R","workflowName":"My workflow"}}
{"__type":"$$EventMessageConfirm","confirm":"214859a5-894f-4e5b-bba9-dcf1aa19bca6","ts":"2025-08-28T02:33:17.349+01:00","source":{"id":"0","name":"eventBus"}}
{"__type":"$$EventMessageAudit","id":"68636bc3-f664-4577-b67e-968d954a2231","ts":"2025-08-28T02:42:00.696+01:00","eventName":"n8n.audit.workflow.updated","message":"n8n.audit.workflow.updated","payload":{"userId":"96766a8a-d90f-4b6b-9273-dab5b68ff799","_email":"mariajoseatencio.mmi@gmail.com","_firstName":"Maria","_lastName":"Atencio","globalRole":"global:owner","workflowId":"IHTaX5EUu2ld8E5R","workflowName":"My workflow"}}
{"__type":"$$EventMessageConfirm","confirm":"68636bc3-f664-4577-b67e-968d954a2231","ts":"2025-08-28T02:42:00.696+01:00","source":{"id":"0","name":"eventBus"}}
{"__type":"$$EventMessageAudit","id":"168c53c5-2799-4772-837d-b7583c4c211f","ts":"2025-08-28T02:42:09.334+01:00","eventName":"n8n.audit.workflow.updated","message":"n8n.audit.workflow.updated","payload":{"userId":"96766a8a-d90f-4b6b-9273-dab5b68ff799","_email":"mariajoseatencio.mmi@gmail.com","_firstName":"Maria","_lastName":"Atencio","globalRole":"global:owner","workflowId":"IHTaX5EUu2ld8E5R","workflowName":"prueba-email"}}
{"__type":"$$EventMessageConfirm","confirm":"168c53c5-2799-4772-837d-b7583c4c211f","ts":"2025-08-28T02:42:09.334+01:00","source":{"id":"0","name":"eventBus"}}
{"__type":"$$EventMessageWorkflow","id":"6bcb5825-a2d7-47ac-88a5-c6a1caf7ad3a","ts":"2025-08-28T03:00:45.731+01:00","eventName":"n8n.workflow.started","message":"n8n.workflow.started","payload":{"executionId":"5","workflowId":"IHTaX5EUu2ld8E5R","isManual":false,"workflowName":"prueba-email"}}
{"__type":"$$EventMessageConfirm","confirm":"6bcb5825-a2d7-47ac-88a5-c6a1caf7ad3a","ts":"2025-08-28T03:00:45.731+01:00","source":{"id":"0","name":"eventBus"}}
{"__type":"$$EventMessageNode","id":"9fa68da6-4ada-4ecb-8bb8-8bda170d8369","ts":"2025-08-28T03:00:45.733+01:00","eventName":"n8n.node.started","message":"n8n.node.started","payload":{"workflowId":"IHTaX5EUu2ld8E5R","workflowName":"prueba-email","executionId":"5","nodeType":"n8n-nodes-base.start","nodeName":"Start","nodeId":"1b447fdd-4db5-4429-8338-b7b61be6be08"}}
{"__type":"$$EventMessageConfirm","confirm":"9fa68da6-4ada-4ecb-8bb8-8bda170d8369","ts":"2025-08-28T03:00:45.734+01:00","source":{"id":"0","name":"eventBus"}}
{"__type":"$$EventMessageNode","id":"8ddf7a63-11b3-44db-afa8-2af1ec3700da","ts":"2025-08-28T03:00:45.738+01:00","eventName":"n8n.node.finished","message":"n8n.node.finished","payload":{"workflowId":"IHTaX5EUu2ld8E5R","workflowName":"prueba-email","executionId":"5","nodeType":"n8n-nodes-base.start","nodeName":"Start","nodeId":"1b447fdd-4db5-4429-8338-b7b61be6be08"}}
{"__type":"$$EventMessageConfirm","confirm":"8ddf7a63-11b3-44db-afa8-2af1ec3700da","ts":"2025-08-28T03:00:45.739+01:00","source":{"id":"0","name":"eventBus"}}
{"__type":"$$EventMessageNode","id":"d4ceb127-c3f2-44a2-9184-1800da69bf70","ts":"2025-08-28T03:00:45.739+01:00","eventName":"n8n.node.started","message":"n8n.node.started","payload":{"workflowId":"IHTaX5EUu2ld8E5R","workflowName":"prueba-email","executionId":"5","nodeType":"n8n-nodes-base.emailSend","nodeName":"Send Test Email","nodeId":"25b47072-75d5-46f6-baa2-eabac9ec3a16"}}
{"__type":"$$EventMessageConfirm","confirm":"d4ceb127-c3f2-44a2-9184-1800da69bf70","ts":"2025-08-28T03:00:45.739+01:00","source":{"id":"0","name":"eventBus"}}
{"__type":"$$EventMessageNode","id":"8c6e4de1-30ef-4113-916b-4e7f47ba2242","ts":"2025-08-28T03:00:46.990+01:00","eventName":"n8n.node.finished","message":"n8n.node.finished","payload":{"workflowId":"IHTaX5EUu2ld8E5R","workflowName":"prueba-email","executionId":"5","nodeType":"n8n-nodes-base.emailSend","nodeName":"Send Test Email","nodeId":"25b47072-75d5-46f6-baa2-eabac9ec3a16"}}
{"__type":"$$EventMessageConfirm","confirm":"8c6e4de1-30ef-4113-916b-4e7f47ba2242","ts":"2025-08-28T03:00:46.991+01:00","source":{"id":"0","name":"eventBus"}}
{"__type":"$$EventMessageWorkflow","id":"0726e9a5-7e95-4524-a0ae-1fe71252d92c","ts":"2025-08-28T03:00:46.998+01:00","eventName":"n8n.workflow.success","message":"n8n.workflow.success","payload":{"userId":"96766a8a-d90f-4b6b-9273-dab5b68ff799","executionId":"5","success":true,"isManual":true,"workflowId":"IHTaX5EUu2ld8E5R","workflowName":"prueba-email"}}
{"__type":"$$EventMessageConfirm","confirm":"0726e9a5-7e95-4524-a0ae-1fe71252d92c","ts":"2025-08-28T03:00:46.998+01:00","source":{"id":"0","name":"eventBus"}}
{"__type":"$$EventMessageWorkflow","id":"26c3ad15-005d-42b8-8403-74ab3a943199","ts":"2025-08-28T03:09:46.656+01:00","eventName":"n8n.workflow.started","message":"n8n.workflow.started","payload":{"executionId":"6","workflowId":"IHTaX5EUu2ld8E5R","isManual":false,"workflowName":"prueba-email"}}
{"__type":"$$EventMessageConfirm","confirm":"26c3ad15-005d-42b8-8403-74ab3a943199","ts":"2025-08-28T03:09:46.656+01:00","source":{"id":"0","name":"eventBus"}}
{"__type":"$$EventMessageNode","id":"c4495101-e428-41d6-83bc-1cd27c0bb5ed","ts":"2025-08-28T03:09:46.657+01:00","eventName":"n8n.node.started","message":"n8n.node.started","payload":{"workflowId":"IHTaX5EUu2ld8E5R","workflowName":"prueba-email","executionId":"6","nodeType":"n8n-nodes-base.emailSend","nodeName":"Send Test Email","nodeId":"25b47072-75d5-46f6-baa2-eabac9ec3a16"}}
{"__type":"$$EventMessageConfirm","confirm":"c4495101-e428-41d6-83bc-1cd27c0bb5ed","ts":"2025-08-28T03:09:46.657+01:00","source":{"id":"0","name":"eventBus"}}
{"__type":"$$EventMessageNode","id":"c28ae536-80f6-44ca-b2f0-252a0c3baa14","ts":"2025-08-28T03:09:51.144+01:00","eventName":"n8n.node.finished","message":"n8n.node.finished","payload":{"workflowId":"IHTaX5EUu2ld8E5R","workflowName":"prueba-email","executionId":"6","nodeType":"n8n-nodes-base.emailSend","nodeName":"Send Test Email","nodeId":"25b47072-75d5-46f6-baa2-eabac9ec3a16"}}
{"__type":"$$EventMessageConfirm","confirm":"c28ae536-80f6-44ca-b2f0-252a0c3baa14","ts":"2025-08-28T03:09:51.145+01:00","source":{"id":"0","name":"eventBus"}}
{"__type":"$$EventMessageWorkflow","id":"51ed3544-0005-4456-a68b-7202fa26acac","ts":"2025-08-28T03:09:51.150+01:00","eventName":"n8n.workflow.success","message":"n8n.workflow.success","payload":{"userId":"96766a8a-d90f-4b6b-9273-dab5b68ff799","executionId":"6","success":true,"isManual":true,"workflowId":"IHTaX5EUu2ld8E5R","workflowName":"prueba-email"}}
{"__type":"$$EventMessageConfirm","confirm":"51ed3544-0005-4456-a68b-7202fa26acac","ts":"2025-08-28T03:09:51.150+01:00","source":{"id":"0","name":"eventBus"}}
{"__type":"$$EventMessageAudit","id":"bb75b20e-ada1-45a9-b76a-26a55f45689c","ts":"2025-08-28T10:55:37.224+01:00","eventName":"n8n.audit.workflow.updated","message":"n8n.audit.workflow.updated","payload":{"userId":"96766a8a-d90f-4b6b-9273-dab5b68ff799","_email":"mariajoseatencio.mmi@gmail.com","_firstName":"Maria","_lastName":"Atencio","globalRole":"global:owner","workflowId":"IHTaX5EUu2ld8E5R","workflowName":"prueba-email"}}
{"__type":"$$EventMessageConfirm","confirm":"bb75b20e-ada1-45a9-b76a-26a55f45689c","ts":"2025-08-28T10:55:37.225+01:00","source":{"id":"0","name":"eventBus"}}
{"__type":"$$EventMessageWorkflow","id":"1c233fed-50bf-416f-acfb-3255cce588b8","ts":"2025-08-28T10:55:52.595+01:00","eventName":"n8n.workflow.started","message":"n8n.workflow.started","payload":{"executionId":"7","workflowId":"IHTaX5EUu2ld8E5R","isManual":false,"workflowName":"prueba-email"}}
{"__type":"$$EventMessageConfirm","confirm":"1c233fed-50bf-416f-acfb-3255cce588b8","ts":"2025-08-28T10:55:52.595+01:00","source":{"id":"0","name":"eventBus"}}
{"__type":"$$EventMessageNode","id":"5f80d67b-e437-405f-b595-f99b35d0b8dc","ts":"2025-08-28T10:55:52.597+01:00","eventName":"n8n.node.started","message":"n8n.node.started","payload":{"workflowId":"IHTaX5EUu2ld8E5R","workflowName":"prueba-email","executionId":"7","nodeType":"n8n-nodes-base.start","nodeName":"Start","nodeId":"1b447fdd-4db5-4429-8338-b7b61be6be08"}}
{"__type":"$$EventMessageConfirm","confirm":"5f80d67b-e437-405f-b595-f99b35d0b8dc","ts":"2025-08-28T10:55:52.597+01:00","source":{"id":"0","name":"eventBus"}}
{"__type":"$$EventMessageNode","id":"331e501d-33ed-431a-9917-6d5ffd4b72ac","ts":"2025-08-28T10:55:52.604+01:00","eventName":"n8n.node.finished","message":"n8n.node.finished","payload":{"workflowId":"IHTaX5EUu2ld8E5R","workflowName":"prueba-email","executionId":"7","nodeType":"n8n-nodes-base.start","nodeName":"Start","nodeId":"1b447fdd-4db5-4429-8338-b7b61be6be08"}}
{"__type":"$$EventMessageConfirm","confirm":"331e501d-33ed-431a-9917-6d5ffd4b72ac","ts":"2025-08-28T10:55:52.604+01:00","source":{"id":"0","name":"eventBus"}}
{"__type":"$$EventMessageNode","id":"7df7b462-d3e6-4aa6-8fe3-48c1749c8811","ts":"2025-08-28T10:55:52.609+01:00","eventName":"n8n.node.started","message":"n8n.node.started","payload":{"workflowId":"IHTaX5EUu2ld8E5R","workflowName":"prueba-email","executionId":"7","nodeType":"n8n-nodes-base.emailSend","nodeName":"Send Test Email","nodeId":"25b47072-75d5-46f6-baa2-eabac9ec3a16"}}
{"__type":"$$EventMessageConfirm","confirm":"7df7b462-d3e6-4aa6-8fe3-48c1749c8811","ts":"2025-08-28T10:55:52.609+01:00","source":{"id":"0","name":"eventBus"}}
{"__type":"$$EventMessageNode","id":"1d5ef903-0da7-4c30-ae35-374c021fafb6","ts":"2025-08-28T10:55:53.395+01:00","eventName":"n8n.node.finished","message":"n8n.node.finished","payload":{"workflowId":"IHTaX5EUu2ld8E5R","workflowName":"prueba-email","executionId":"7","nodeType":"n8n-nodes-base.emailSend","nodeName":"Send Test Email","nodeId":"25b47072-75d5-46f6-baa2-eabac9ec3a16"}}
{"__type":"$$EventMessageConfirm","confirm":"1d5ef903-0da7-4c30-ae35-374c021fafb6","ts":"2025-08-28T10:55:53.396+01:00","source":{"id":"0","name":"eventBus"}}
{"__type":"$$EventMessageWorkflow","id":"4e9319a0-d7e0-4b0e-b252-8890d0792e00","ts":"2025-08-28T10:55:53.401+01:00","eventName":"n8n.workflow.failed","message":"n8n.workflow.failed","payload":{"userId":"96766a8a-d90f-4b6b-9273-dab5b68ff799","executionId":"7","success":false,"isManual":true,"workflowId":"IHTaX5EUu2ld8E5R","workflowName":"prueba-email","lastNodeExecuted":"Send Test Email","errorMessage":"Can't send mail - all recipients were rejected: 553-5.1.3 The recipient address <obertomaria91@gmail.com|> is not a valid RFC\n553-5.1.3 5321 address. For more information, go to\n553-5.1.3  https://support.google.com/a/answer/3221692 and review RFC 5321\n553 5.1.3 specifications. ada2fe7eead31-51e4b2a85c7sm4177337137.2 - gsmtp"}}
{"__type":"$$EventMessageConfirm","confirm":"4e9319a0-d7e0-4b0e-b252-8890d0792e00","ts":"2025-08-28T10:55:53.402+01:00","source":{"id":"0","name":"eventBus"}}
{"__type":"$$EventMessageWorkflow","id":"f0ec22fb-2cc3-40eb-8e5d-a66d674bf594","ts":"2025-08-28T10:57:06.069+01:00","eventName":"n8n.workflow.started","message":"n8n.workflow.started","payload":{"executionId":"8","workflowId":"IHTaX5EUu2ld8E5R","isManual":false,"workflowName":"prueba-email"}}
{"__type":"$$EventMessageConfirm","confirm":"f0ec22fb-2cc3-40eb-8e5d-a66d674bf594","ts":"2025-08-28T10:57:06.069+01:00","source":{"id":"0","name":"eventBus"}}
{"__type":"$$EventMessageNode","id":"ab3d0709-27e1-4e36-b6f8-3d1249acbfbf","ts":"2025-08-28T10:57:06.070+01:00","eventName":"n8n.node.started","message":"n8n.node.started","payload":{"workflowId":"IHTaX5EUu2ld8E5R","workflowName":"prueba-email","executionId":"8","nodeType":"n8n-nodes-base.emailSend","nodeName":"Send Test Email","nodeId":"25b47072-75d5-46f6-baa2-eabac9ec3a16"}}
{"__type":"$$EventMessageConfirm","confirm":"ab3d0709-27e1-4e36-b6f8-3d1249acbfbf","ts":"2025-08-28T10:57:06.071+01:00","source":{"id":"0","name":"eventBus"}}
{"__type":"$$EventMessageNode","id":"aa29ad9c-e312-4304-a9f1-15b445e0688c","ts":"2025-08-28T10:57:12.261+01:00","eventName":"n8n.node.finished","message":"n8n.node.finished","payload":{"workflowId":"IHTaX5EUu2ld8E5R","workflowName":"prueba-email","executionId":"8","nodeType":"n8n-nodes-base.emailSend","nodeName":"Send Test Email","nodeId":"25b47072-75d5-46f6-baa2-eabac9ec3a16"}}
{"__type":"$$EventMessageConfirm","confirm":"aa29ad9c-e312-4304-a9f1-15b445e0688c","ts":"2025-08-28T10:57:12.261+01:00","source":{"id":"0","name":"eventBus"}}
{"__type":"$$EventMessageWorkflow","id":"0bb218c7-a86d-48c7-bc19-ac516447a62d","ts":"2025-08-28T10:57:12.266+01:00","eventName":"n8n.workflow.success","message":"n8n.workflow.success","payload":{"userId":"96766a8a-d90f-4b6b-9273-dab5b68ff799","executionId":"8","success":true,"isManual":true,"workflowId":"IHTaX5EUu2ld8E5R","workflowName":"prueba-email"}}
{"__type":"$$EventMessageConfirm","confirm":"0bb218c7-a86d-48c7-bc19-ac516447a62d","ts":"2025-08-28T10:57:12.266+01:00","source":{"id":"0","name":"eventBus"}}
{"__type":"$$EventMessageWorkflow","id":"de6ce032-dd58-4dec-a4e9-ef6837c08b29","ts":"2025-08-28T10:58:15.945+01:00","eventName":"n8n.workflow.started","message":"n8n.workflow.started","payload":{"executionId":"9","workflowId":"IHTaX5EUu2ld8E5R","isManual":false,"workflowName":"prueba-email"}}
{"__type":"$$EventMessageConfirm","confirm":"de6ce032-dd58-4dec-a4e9-ef6837c08b29","ts":"2025-08-28T10:58:15.946+01:00","source":{"id":"0","name":"eventBus"}}
{"__type":"$$EventMessageNode","id":"bbb9fb79-a033-40e7-a7cb-242820797a95","ts":"2025-08-28T10:58:15.948+01:00","eventName":"n8n.node.started","message":"n8n.node.started","payload":{"workflowId":"IHTaX5EUu2ld8E5R","workflowName":"prueba-email","executionId":"9","nodeType":"n8n-nodes-base.emailSend","nodeName":"Send Test Email","nodeId":"25b47072-75d5-46f6-baa2-eabac9ec3a16"}}
{"__type":"$$EventMessageConfirm","confirm":"bbb9fb79-a033-40e7-a7cb-242820797a95","ts":"2025-08-28T10:58:15.948+01:00","source":{"id":"0","name":"eventBus"}}
{"__type":"$$EventMessageNode","id":"ae0a8507-a0a8-4c72-b343-418fc73ebadf","ts":"2025-08-28T10:58:18.921+01:00","eventName":"n8n.node.finished","message":"n8n.node.finished","payload":{"workflowId":"IHTaX5EUu2ld8E5R","workflowName":"prueba-email","executionId":"9","nodeType":"n8n-nodes-base.emailSend","nodeName":"Send Test Email","nodeId":"25b47072-75d5-46f6-baa2-eabac9ec3a16"}}
{"__type":"$$EventMessageConfirm","confirm":"ae0a8507-a0a8-4c72-b343-418fc73ebadf","ts":"2025-08-28T10:58:18.922+01:00","source":{"id":"0","name":"eventBus"}}
{"__type":"$$EventMessageWorkflow","id":"610b9b87-14b1-4e40-a351-3bf57b9536e8","ts":"2025-08-28T10:58:18.926+01:00","eventName":"n8n.workflow.success","message":"n8n.workflow.success","payload":{"userId":"96766a8a-d90f-4b6b-9273-dab5b68ff799","executionId":"9","success":true,"isManual":true,"workflowId":"IHTaX5EUu2ld8E5R","workflowName":"prueba-email"}}
{"__type":"$$EventMessageConfirm","confirm":"610b9b87-14b1-4e40-a351-3bf57b9536e8","ts":"2025-08-28T10:58:18.926+01:00","source":{"id":"0","name":"eventBus"}}
{"__type":"$$EventMessageAudit","id":"d347f4b2-e00b-491d-8503-405ea2ed7a51","ts":"2025-08-28T11:02:19.140+01:00","eventName":"n8n.audit.workflow.updated","message":"n8n.audit.workflow.updated","payload":{"userId":"96766a8a-d90f-4b6b-9273-dab5b68ff799","_email":"mariajoseatencio.mmi@gmail.com","_firstName":"Maria","_lastName":"Atencio","globalRole":"global:owner","workflowId":"IHTaX5EUu2ld8E5R","workflowName":"prueba-email"}}
{"__type":"$$EventMessageConfirm","confirm":"d347f4b2-e00b-491d-8503-405ea2ed7a51","ts":"2025-08-28T11:02:19.141+01:00","source":{"id":"0","name":"eventBus"}}
