{"__type":"$$EventMessageAudit","id":"1ddc8d50-d8af-4337-a0a7-9c3384e5fae5","ts":"2025-08-29T17:22:26.508+01:00","eventName":"n8n.audit.user.login.failed","message":"n8n.audit.user.login.failed","payload":{"authenticationMethod":"email","userEmail":"mariajoseatencio.mmi@gmail.com","reason":"wrong credentials"}}
{"__type":"$$EventMessageConfirm","confirm":"1ddc8d50-d8af-4337-a0a7-9c3384e5fae5","ts":"2025-08-29T17:22:26.509+01:00","source":{"id":"0","name":"eventBus"}}
{"__type":"$$EventMessageAudit","id":"bb627dd0-34ad-47d8-b32f-1c07bf4d8a3d","ts":"2025-08-29T17:23:01.045+01:00","eventName":"n8n.audit.user.login.success","message":"n8n.audit.user.login.success","payload":{"userId":"96766a8a-d90f-4b6b-9273-dab5b68ff799","_email":"mariajoseatencio.mmi@gmail.com","_firstName":"Maria","_lastName":"Atencio","globalRole":"global:owner","authenticationMethod":"email"}}
{"__type":"$$EventMessageConfirm","confirm":"bb627dd0-34ad-47d8-b32f-1c07bf4d8a3d","ts":"2025-08-29T17:23:01.045+01:00","source":{"id":"0","name":"eventBus"}}
{"__type":"$$EventMessageAudit","id":"db0d2475-5d2c-493e-b332-81c2f2241898","ts":"2025-08-30T00:40:05.204+01:00","eventName":"n8n.audit.workflow.updated","message":"n8n.audit.workflow.updated","payload":{"userId":"96766a8a-d90f-4b6b-9273-dab5b68ff799","_email":"mariajoseatencio.mmi@gmail.com","_firstName":"Maria","_lastName":"Atencio","globalRole":"global:owner","workflowId":"OsxhZnuvzlDQVUib","workflowName":"main-calculator"}}
{"__type":"$$EventMessageConfirm","confirm":"db0d2475-5d2c-493e-b332-81c2f2241898","ts":"2025-08-30T00:40:05.206+01:00","source":{"id":"0","name":"eventBus"}}
{"__type":"$$EventMessageAudit","id":"798f48c2-1340-4f81-aaaa-40bd89a9ec2c","ts":"2025-08-30T00:42:10.212+01:00","eventName":"n8n.audit.workflow.updated","message":"n8n.audit.workflow.updated","payload":{"userId":"96766a8a-d90f-4b6b-9273-dab5b68ff799","_email":"mariajoseatencio.mmi@gmail.com","_firstName":"Maria","_lastName":"Atencio","globalRole":"global:owner","workflowId":"IvSeGwRAr4kUXzRC","workflowName":"email-notification"}}
{"__type":"$$EventMessageConfirm","confirm":"798f48c2-1340-4f81-aaaa-40bd89a9ec2c","ts":"2025-08-30T00:42:10.212+01:00","source":{"id":"0","name":"eventBus"}}
{"__type":"$$EventMessageAudit","id":"dfd6633c-6776-4374-8f07-b3c749ce2846","ts":"2025-08-30T00:44:11.170+01:00","eventName":"n8n.audit.workflow.updated","message":"n8n.audit.workflow.updated","payload":{"userId":"96766a8a-d90f-4b6b-9273-dab5b68ff799","_email":"mariajoseatencio.mmi@gmail.com","_firstName":"Maria","_lastName":"Atencio","globalRole":"global:owner","workflowId":"IvSeGwRAr4kUXzRC","workflowName":"email-notification"}}
{"__type":"$$EventMessageConfirm","confirm":"dfd6633c-6776-4374-8f07-b3c749ce2846","ts":"2025-08-30T00:44:11.170+01:00","source":{"id":"0","name":"eventBus"}}
{"__type":"$$EventMessageAudit","id":"af16bde6-46dd-486a-a2f2-f9add2a2761d","ts":"2025-08-30T01:19:07.469+01:00","eventName":"n8n.audit.workflow.updated","message":"n8n.audit.workflow.updated","payload":{"userId":"96766a8a-d90f-4b6b-9273-dab5b68ff799","_email":"mariajoseatencio.mmi@gmail.com","_firstName":"Maria","_lastName":"Atencio","globalRole":"global:owner","workflowId":"OsxhZnuvzlDQVUib","workflowName":"main-calculator"}}
{"__type":"$$EventMessageConfirm","confirm":"af16bde6-46dd-486a-a2f2-f9add2a2761d","ts":"2025-08-30T01:19:07.471+01:00","source":{"id":"0","name":"eventBus"}}
{"__type":"$$EventMessageAudit","id":"d46c09f7-be9f-42f1-8d56-b3b32f5bbe3b","ts":"2025-08-30T01:19:15.521+01:00","eventName":"n8n.audit.workflow.updated","message":"n8n.audit.workflow.updated","payload":{"userId":"96766a8a-d90f-4b6b-9273-dab5b68ff799","_email":"mariajoseatencio.mmi@gmail.com","_firstName":"Maria","_lastName":"Atencio","globalRole":"global:owner","workflowId":"IvSeGwRAr4kUXzRC","workflowName":"email-notification"}}
{"__type":"$$EventMessageConfirm","confirm":"d46c09f7-be9f-42f1-8d56-b3b32f5bbe3b","ts":"2025-08-30T01:19:15.521+01:00","source":{"id":"0","name":"eventBus"}}
{"__type":"$$EventMessageAudit","id":"14607e9a-bdd8-45e4-b65f-d0890dce9230","ts":"2025-08-30T01:23:57.228+01:00","eventName":"n8n.audit.workflow.updated","message":"n8n.audit.workflow.updated","payload":{"userId":"96766a8a-d90f-4b6b-9273-dab5b68ff799","_email":"mariajoseatencio.mmi@gmail.com","_firstName":"Maria","_lastName":"Atencio","globalRole":"global:owner","workflowId":"OsxhZnuvzlDQVUib","workflowName":"main-calculator"}}
{"__type":"$$EventMessageConfirm","confirm":"14607e9a-bdd8-45e4-b65f-d0890dce9230","ts":"2025-08-30T01:23:57.228+01:00","source":{"id":"0","name":"eventBus"}}
{"__type":"$$EventMessageAudit","id":"8235d66a-9701-48a7-bd99-b1161cf97b4c","ts":"2025-08-30T01:30:59.548+01:00","eventName":"n8n.audit.workflow.updated","message":"n8n.audit.workflow.updated","payload":{"userId":"96766a8a-d90f-4b6b-9273-dab5b68ff799","_email":"mariajoseatencio.mmi@gmail.com","_firstName":"Maria","_lastName":"Atencio","globalRole":"global:owner","workflowId":"OsxhZnuvzlDQVUib","workflowName":"main-calculator"}}
{"__type":"$$EventMessageConfirm","confirm":"8235d66a-9701-48a7-bd99-b1161cf97b4c","ts":"2025-08-30T01:30:59.548+01:00","source":{"id":"0","name":"eventBus"}}
{"__type":"$$EventMessageAudit","id":"513d7f38-2f72-4891-bec1-461da06f3dbc","ts":"2025-08-30T01:39:26.605+01:00","eventName":"n8n.audit.workflow.updated","message":"n8n.audit.workflow.updated","payload":{"userId":"96766a8a-d90f-4b6b-9273-dab5b68ff799","_email":"mariajoseatencio.mmi@gmail.com","_firstName":"Maria","_lastName":"Atencio","globalRole":"global:owner","workflowId":"OsxhZnuvzlDQVUib","workflowName":"main-calculator"}}
{"__type":"$$EventMessageConfirm","confirm":"513d7f38-2f72-4891-bec1-461da06f3dbc","ts":"2025-08-30T01:39:26.606+01:00","source":{"id":"0","name":"eventBus"}}
{"__type":"$$EventMessageAudit","id":"a96222f2-39d2-40a3-b31e-13797119731c","ts":"2025-08-30T01:39:28.953+01:00","eventName":"n8n.audit.workflow.updated","message":"n8n.audit.workflow.updated","payload":{"userId":"96766a8a-d90f-4b6b-9273-dab5b68ff799","_email":"mariajoseatencio.mmi@gmail.com","_firstName":"Maria","_lastName":"Atencio","globalRole":"global:owner","workflowId":"OsxhZnuvzlDQVUib","workflowName":"main-calculator"}}
{"__type":"$$EventMessageConfirm","confirm":"a96222f2-39d2-40a3-b31e-13797119731c","ts":"2025-08-30T01:39:28.953+01:00","source":{"id":"0","name":"eventBus"}}
{"__type":"$$EventMessageAudit","id":"67c80972-fec2-42ca-9346-4a5ae7c26185","ts":"2025-08-30T01:44:39.904+01:00","eventName":"n8n.audit.workflow.updated","message":"n8n.audit.workflow.updated","payload":{"userId":"96766a8a-d90f-4b6b-9273-dab5b68ff799","_email":"mariajoseatencio.mmi@gmail.com","_firstName":"Maria","_lastName":"Atencio","globalRole":"global:owner","workflowId":"OsxhZnuvzlDQVUib","workflowName":"main-calculator"}}
{"__type":"$$EventMessageConfirm","confirm":"67c80972-fec2-42ca-9346-4a5ae7c26185","ts":"2025-08-30T01:44:39.905+01:00","source":{"id":"0","name":"eventBus"}}
{"__type":"$$EventMessageAudit","id":"28ed1315-8547-450d-8c30-8c621dd91d64","ts":"2025-08-30T01:44:50.339+01:00","eventName":"n8n.audit.workflow.updated","message":"n8n.audit.workflow.updated","payload":{"userId":"96766a8a-d90f-4b6b-9273-dab5b68ff799","_email":"mariajoseatencio.mmi@gmail.com","_firstName":"Maria","_lastName":"Atencio","globalRole":"global:owner","workflowId":"OsxhZnuvzlDQVUib","workflowName":"main-calculator"}}
{"__type":"$$EventMessageConfirm","confirm":"28ed1315-8547-450d-8c30-8c621dd91d64","ts":"2025-08-30T01:44:50.339+01:00","source":{"id":"0","name":"eventBus"}}
